<?xml version="1.0" encoding="UTF-8"?>
<!-- Generated by org.testng.reporters.JUnitReportReporter -->
<testsuite hostname="DESKTOP-6ITAQL4" failures="0" tests="1" name="test3.Snapdeal" time="1.167" errors="0" timestamp="2024-07-07T07:12:42 IST" skipped="0">
  <testcase classname="test3.Snapdeal" name="t1" time="1.167"/>
  <system-out/>
</testsuite> <!-- test3.Snapdeal -->
