<?xml version="1.0" encoding="UTF-8"?>
<!-- Generated by org.testng.reporters.JUnitReportReporter -->
<testsuite hostname="DESKTOP-6ITAQL4" failures="0" tests="1" name="test3.Ebay" time="7.511" errors="0" timestamp="2024-07-07T06:03:43 IST" skipped="0">
  <testcase classname="test3.Ebay" name="t1" time="7.511"/>
  <system-out/>
</testsuite> <!-- test3.Ebay -->
